<?xml version="1.0" encoding="UTF-8"?>
<!-- Generated by org.testng.reporters.JUnitReportReporter -->
<testsuite hostname="LAPTOP-NKUME37F" failures="0" tests="3" name="ecm_testing.TestCreateProduct" time="2.229" errors="0" timestamp="2024-11-30T17:51:39 ICT" skipped="0">
  <testcase classname="ecm_testing.TestCreateProduct" name="testCreateProduct" time="0.767">
    <system-out>
      <![CDATA[Navigated to the create product page.<br>
Entered product name: Product 1<br>
Entered product image path: C:\Users\ASUS\OneDrive\Pictures\Camera Roll\aophong.jpg<br>
Entered product description: Description 1<br>
Entered product quantity: 10<br>
Entered product price: 100<br>
Entered product entry date: 12/30/2024<br>
Selected category with ID: 2<br>
Submit button clicked.<br>
Product creation test passed.<br>]]>
    </system-out>
  </testcase> <!-- testCreateProduct -->
  <testcase classname="ecm_testing.TestCreateProduct" name="testCreateProduct" time="0.737">
    <system-out>
      <![CDATA[Navigated to the create product page.<br>
Entered product name: Product 2<br>
Entered product image path: C:\Users\ASUS\OneDrive\Pictures\Camera Roll\aophong2.jpg<br>
Entered product description: Description 2<br>
Entered product quantity: 20<br>
Entered product price: 200<br>
Entered product entry date: 01-12-2024<br>
Selected category with ID: 2<br>
Submit button clicked.<br>
Product creation test passed.<br>]]>
    </system-out>
  </testcase> <!-- testCreateProduct -->
  <testcase classname="ecm_testing.TestCreateProduct" name="testCreateProduct" time="0.725">
    <system-out>
      <![CDATA[Navigated to the create product page.<br>
Entered product name: Product 3<br>
Entered product image path: C:\Users\ASUS\OneDrive\Pictures\Camera Roll\aophong1.jpg<br>
Entered product description: Description 3<br>
Entered product quantity: 15<br>
Entered product price: 150<br>
Entered product entry date: 15-12-2024<br>
Selected category with ID: 3<br>
Submit button clicked.<br>
Product creation test passed.<br>]]>
    </system-out>
  </testcase> <!-- testCreateProduct -->
  <system-out>
    <![CDATA[WebDriver initialized successfully.<br>
Navigated to the login page.<br>
Browser window maximized.<br>
Login form elements located successfully.<br>
Entered email: phungvandung03062003@gmail.com<br>
Entered password.<br>
Login button clicked.<br>
Login test passed.<br>
Navigated to the create product page.<br>
Entered product name: Product 1<br>
Entered product image path: C:\Users\ASUS\OneDrive\Pictures\Camera Roll\aophong.jpg<br>
Entered product description: Description 1<br>
Entered product quantity: 10<br>
Entered product price: 100<br>
Entered product entry date: 12/30/2024<br>
Selected category with ID: 2<br>
Submit button clicked.<br>
Product creation test passed.<br>
Navigated to the create product page.<br>
Entered product name: Product 2<br>
Entered product image path: C:\Users\ASUS\OneDrive\Pictures\Camera Roll\aophong2.jpg<br>
Entered product description: Description 2<br>
Entered product quantity: 20<br>
Entered product price: 200<br>
Entered product entry date: 01-12-2024<br>
Selected category with ID: 2<br>
Submit button clicked.<br>
Product creation test passed.<br>
Navigated to the create product page.<br>
Entered product name: Product 3<br>
Entered product image path: C:\Users\ASUS\OneDrive\Pictures\Camera Roll\aophong1.jpg<br>
Entered product description: Description 3<br>
Entered product quantity: 15<br>
Entered product price: 150<br>
Entered product entry date: 15-12-2024<br>
Selected category with ID: 3<br>
Submit button clicked.<br>
Product creation test passed.<br>
Browser closed successfully.<br>]]>
  </system-out>
</testsuite> <!-- ecm_testing.TestCreateProduct -->
