<?xml version="1.0" encoding="UTF-8"?>
<!-- Generated by org.testng.reporters.JUnitReportReporter -->
<testsuite hostname="LAPTOP-NKUME37F" failures="0" tests="1" name="ecm_testing.ecm_test" time="0.859" errors="0" timestamp="2024-11-30T14:27:49 ICT" skipped="0">
  <testcase classname="ecm_testing.ecm_test" name="testLogin" time="0.859"/>
</testsuite> <!-- ecm_testing.ecm_test -->
