<?xml version="1.0" encoding="UTF-8"?>
<!-- Generated by org.testng.reporters.JUnitReportReporter -->
<testsuite hostname="LAPTOP-NKUME37F" failures="0" tests="1" name="ecm_testing.TestLogin" time="0.940" errors="0" timestamp="2024-11-30T17:43:54 ICT" skipped="0">
  <testcase classname="ecm_testing.TestLogin" name="testLogin" time="0.940">
    <system-out>
      <![CDATA[Navigated to the login page.<br>
Browser window maximized.<br>
Login form elements located successfully.<br>
Entered email: phungvandung03062003@gmail.com<br>
Entered password.<br>
Login button clicked.<br>
Login test passed.<br>]]>
    </system-out>
  </testcase> <!-- testLogin -->
  <system-out>
    <![CDATA[WebDriver initialized successfully.<br>
Navigated to the login page.<br>
Browser window maximized.<br>
Login form elements located successfully.<br>
Entered email: phungvandung03062003@gmail.com<br>
Entered password.<br>
Login button clicked.<br>
Login test passed.<br>
Browser closed successfully.<br>]]>
  </system-out>
</testsuite> <!-- ecm_testing.TestLogin -->
