<?xml version="1.0" encoding="UTF-8"?>
<!-- Generated by org.testng.reporters.JUnitReportReporter -->
<testsuite hostname="LAPTOP-NKUME37F" failures="0" tests="1" name="ecm_testing.TestUpdateProduct" time="1.227" errors="0" timestamp="2024-12-01T08:15:43 ICT" skipped="0">
  <testcase classname="ecm_testing.TestUpdateProduct" name="testCreateProduct" time="1.227">
    <system-out>
      <![CDATA[Navigated to the update product page.<br>
Entered product name: Product 1<br>
Entered product image path: C:\Users\ASUS\OneDrive\Pictures\Camera Roll\aophong.jpg<br>
Entered product description: Description 1<br>
Entered product quantity: 10<br>
Entered product price: 100<br>
Entered product entry date: 12/30/2024<br>
Selected category with ID: 1<br>
Submit button clicked.<br>
Product update test passed.<br>]]>
    </system-out>
  </testcase> <!-- testCreateProduct -->
  <system-out>
    <![CDATA[WebDriver initialized successfully.<br>
Navigated to the login page.<br>
Browser window maximized.<br>
Login form elements located successfully.<br>
Entered email: phungvandung03062003@gmail.com<br>
Entered password.<br>
Login button clicked.<br>
Login test passed.<br>
Navigated to the create product page.<br>
Entered product name: Product 1<br>
Entered product image path: C:\Users\ASUS\OneDrive\Pictures\Camera Roll\aophong.jpg<br>
Entered product description: Description 1<br>
Entered product quantity: 10<br>
Entered product price: 100<br>
Entered product entry date: 12/30/2024<br>
Selected category with ID: 2<br>
Submit button clicked.<br>
Product creation test passed.<br>
Browser closed successfully.<br>
WebDriver initialized successfully.<br>
Navigated to the login page.<br>
Browser window maximized.<br>
Login form elements located successfully.<br>
Entered email: phungvandung03062003@gmail.com<br>
Entered password.<br>
Login button clicked.<br>
Login test passed.<br>
Navigated to the update product page.<br>
Entered product name: Product 1<br>
Entered product image path: C:\Users\ASUS\OneDrive\Pictures\Camera Roll\aophong.jpg<br>
Entered product description: Description 1<br>
Entered product quantity: 10<br>
Entered product price: 100<br>
Entered product entry date: 12/30/2024<br>
Selected category with ID: 1<br>
Submit button clicked.<br>
Product update test passed.<br>
Browser closed successfully.<br>]]>
  </system-out>
</testsuite> <!-- ecm_testing.TestUpdateProduct -->
